[2023-05-27 11:52:10] WHERE : Req_Logger STATUS : 200 OPTION :  IP: ::1, Method: GET, URL: /images/point_ill.png, Body: undefined}
[2023-05-27 11:52:10] WHERE : Req_Logger STATUS : 200 OPTION :  IP: ::1, Method: GET, URL: /images/cart_ill.webp, Body: undefined}
[2023-05-27 11:52:10] WHERE : Req_Logger STATUS : 200 OPTION :  IP: ::1, Method: GET, URL: /images/question_ill.jpg, Body: undefined}
[2023-05-27 11:52:10] WHERE : Req_Logger STATUS : 200 OPTION :  IP: ::1, Method: GET, URL: /api/product/get_product_by_likes, Body: undefined}
[2023-05-27 11:52:10] WHERE : Req_Logger STATUS : 200 OPTION :  IP: ::1, Method: GET, URL: /api/auth/get_my_info, Body: undefined}
[2023-05-27 11:52:10] WHERE : Error_Handler STATUS : 200 OPTION : 세션정보가 없거나 만료되었어요. IP: ::1, Method: GET, URL: /api/auth/get_my_info, Body: {}}
[2023-05-27 11:52:10] WHERE : Req_Logger STATUS : 200 OPTION :  IP: ::1, Method: GET, URL: /images/dev_ill.avif, Body: undefined}
[2023-05-27 11:52:10] WHERE : Req_Logger STATUS : 200 OPTION :  IP: ::1, Method: GET, URL: /images/dev_img.jpg, Body: undefined}
[2023-05-27 11:52:10] WHERE : Req_Logger STATUS : 200 OPTION :  IP: ::1, Method: GET, URL: /images/spec1.png, Body: undefined}
[2023-05-27 11:52:10] WHERE : Req_Logger STATUS : 200 OPTION :  IP: ::1, Method: GET, URL: /images/isLoading.gif, Body: undefined}
[2023-05-27 11:52:10] WHERE : Req_Logger STATUS : 200 OPTION :  IP: ::1, Method: GET, URL: /images/product51.png, Body: undefined}
[2023-05-27 11:52:10] WHERE : Req_Logger STATUS : 200 OPTION :  IP: ::1, Method: GET, URL: /images/product29.png, Body: undefined}
[2023-05-27 11:52:10] WHERE : Req_Logger STATUS : 200 OPTION :  IP: ::1, Method: GET, URL: /images/product20.png, Body: undefined}
[2023-05-27 11:52:10] WHERE : Req_Logger STATUS : 200 OPTION :  IP: ::1, Method: GET, URL: /images/product18.png, Body: undefined}
[2023-05-27 11:52:10] WHERE : Req_Logger STATUS : 200 OPTION :  IP: ::1, Method: GET, URL: /images/product72.png, Body: undefined}
[2023-05-27 11:52:10] WHERE : Req_Logger STATUS : 200 OPTION :  IP: ::1, Method: GET, URL: /images/product13.png, Body: undefined}
[2023-05-27 11:52:10] WHERE : Req_Logger STATUS : 200 OPTION :  IP: ::1, Method: GET, URL: /images/product17.png, Body: undefined}
[2023-05-27 11:52:10] WHERE : Req_Logger STATUS : 200 OPTION :  IP: ::1, Method: GET, URL: /images/product26.png, Body: undefined}
[2023-05-27 11:52:10] WHERE : Req_Logger STATUS : 200 OPTION :  IP: ::1, Method: GET, URL: /images/product30.png, Body: undefined}
[2023-05-27 11:52:10] WHERE : Req_Logger STATUS : 200 OPTION :  IP: ::1, Method: GET, URL: /images/product37.png, Body: undefined}
[2023-05-27 11:52:10] WHERE : Req_Logger STATUS : 200 OPTION :  IP: ::1, Method: GET, URL: /images/point_ill.png, Body: undefined}
[2023-05-27 11:52:10] WHERE : Req_Logger STATUS : 200 OPTION :  IP: ::1, Method: GET, URL: /images/cart_ill.webp, Body: undefined}
[2023-05-27 11:52:10] WHERE : Req_Logger STATUS : 200 OPTION :  IP: ::1, Method: GET, URL: /api/auth/get_my_info, Body: undefined}
[2023-05-27 11:52:10] WHERE : Error_Handler STATUS : 200 OPTION : 세션정보가 없거나 만료되었어요. IP: ::1, Method: GET, URL: /api/auth/get_my_info, Body: {}}
[2023-05-27 11:52:10] WHERE : Req_Logger STATUS : 200 OPTION :  IP: ::1, Method: GET, URL: /api/product/get_product_by_likes, Body: undefined}
[2023-05-27 11:52:10] WHERE : Req_Logger STATUS : 200 OPTION :  IP: ::1, Method: GET, URL: /images/question_ill.jpg, Body: undefined}
[2023-05-27 11:52:10] WHERE : Req_Logger STATUS : 200 OPTION :  IP: ::1, Method: GET, URL: /images/dev_ill.avif, Body: undefined}
[2023-05-27 11:52:10] WHERE : Req_Logger STATUS : 200 OPTION :  IP: ::1, Method: GET, URL: /images/dev_img.jpg, Body: undefined}
[2023-05-27 11:52:10] WHERE : Req_Logger STATUS : 200 OPTION :  IP: ::1, Method: GET, URL: /images/spec1.png, Body: undefined}
[2023-05-27 11:52:10] WHERE : Req_Logger STATUS : 200 OPTION :  IP: ::1, Method: GET, URL: /images/product51.png, Body: undefined}
[2023-05-27 11:52:10] WHERE : Req_Logger STATUS : 200 OPTION :  IP: ::1, Method: GET, URL: /images/product18.png, Body: undefined}
[2023-05-27 11:52:10] WHERE : Req_Logger STATUS : 200 OPTION :  IP: ::1, Method: GET, URL: /images/product29.png, Body: undefined}
[2023-05-27 11:52:10] WHERE : Req_Logger STATUS : 200 OPTION :  IP: ::1, Method: GET, URL: /images/product20.png, Body: undefined}
[2023-05-27 11:52:10] WHERE : Req_Logger STATUS : 200 OPTION :  IP: ::1, Method: GET, URL: /images/product72.png, Body: undefined}
[2023-05-27 11:52:10] WHERE : Req_Logger STATUS : 200 OPTION :  IP: ::1, Method: GET, URL: /images/product13.png, Body: undefined}
[2023-05-27 11:52:10] WHERE : Req_Logger STATUS : 200 OPTION :  IP: ::1, Method: GET, URL: /images/product17.png, Body: undefined}
[2023-05-27 11:52:10] WHERE : Req_Logger STATUS : 200 OPTION :  IP: ::1, Method: GET, URL: /images/product26.png, Body: undefined}
[2023-05-27 11:52:10] WHERE : Req_Logger STATUS : 200 OPTION :  IP: ::1, Method: GET, URL: /images/product30.png, Body: undefined}
[2023-05-27 11:52:10] WHERE : Req_Logger STATUS : 200 OPTION :  IP: ::1, Method: GET, URL: /images/product37.png, Body: undefined}
[2023-05-27 11:52:10] WHERE : Req_Logger STATUS : 200 OPTION :  IP: ::1, Method: GET, URL: /images/isLoading.gif, Body: undefined}
[2023-05-27 11:52:10] WHERE : Req_Logger STATUS : 200 OPTION :  IP: ::1, Method: GET, URL: /api/product/get_product_by_query?id=17791180-a467-4fd5-add2-052d0a5261af, Body: undefined}
[2023-05-27 11:52:10] WHERE : Req_Logger STATUS : 200 OPTION :  IP: ::1, Method: GET, URL: /images/icon_exclam.png, Body: undefined}
[2023-05-27 11:52:10] WHERE : Req_Logger STATUS : 200 OPTION :  IP: ::1, Method: GET, URL: /api/auth/get_my_info, Body: undefined}
[2023-05-27 11:52:10] WHERE : Error_Handler STATUS : 200 OPTION : 세션정보가 없거나 만료되었어요. IP: ::1, Method: GET, URL: /api/auth/get_my_info, Body: {}}
[2023-05-27 11:52:10] WHERE : Req_Logger STATUS : 200 OPTION :  IP: ::1, Method: GET, URL: /api/quiz/get_random, Body: undefined}
[2023-05-27 11:52:10] WHERE : Req_Logger STATUS : 200 OPTION :  IP: ::1, Method: GET, URL: /api/product/get_product, Body: undefined}
[2023-05-27 11:52:10] WHERE : Req_Logger STATUS : 200 OPTION :  IP: ::1, Method: GET, URL: /images/isLoading.gif, Body: undefined}
[2023-05-27 11:52:10] WHERE : Req_Logger STATUS : 200 OPTION :  IP: ::1, Method: GET, URL: /images/product14.png, Body: undefined}
[2023-05-27 11:52:10] WHERE : Req_Logger STATUS : 200 OPTION :  IP: ::1, Method: GET, URL: /images/product65.png, Body: undefined}
[2023-05-27 11:52:10] WHERE : Req_Logger STATUS : 200 OPTION :  IP: ::1, Method: GET, URL: /images/product18.png, Body: undefined}
[2023-05-27 11:52:10] WHERE : Req_Logger STATUS : 200 OPTION :  IP: ::1, Method: GET, URL: /images/product39.png, Body: undefined}
[2023-05-27 11:52:10] WHERE : Req_Logger STATUS : 200 OPTION :  IP: ::1, Method: GET, URL: /images/product23.png, Body: undefined}
[2023-05-27 11:52:10] WHERE : Req_Logger STATUS : 200 OPTION :  IP: ::1, Method: GET, URL: /images/product0.png, Body: undefined}
[2023-05-27 11:52:10] WHERE : Req_Logger STATUS : 200 OPTION :  IP: ::1, Method: GET, URL: /images/product32.png, Body: undefined}
[2023-05-27 11:52:10] WHERE : Req_Logger STATUS : 200 OPTION :  IP: ::1, Method: GET, URL: /images/product34.png, Body: undefined}
[2023-05-27 11:52:10] WHERE : Req_Logger STATUS : 200 OPTION :  IP: ::1, Method: GET, URL: /images/product19.png, Body: undefined}
[2023-05-27 11:52:10] WHERE : Req_Logger STATUS : 200 OPTION :  IP: ::1, Method: GET, URL: /images/product24.png, Body: undefined}
[2023-05-27 11:52:10] WHERE : Req_Logger STATUS : 200 OPTION :  IP: ::1, Method: GET, URL: /images/product7.png, Body: undefined}
[2023-05-27 11:52:10] WHERE : Req_Logger STATUS : 200 OPTION :  IP: ::1, Method: GET, URL: /images/product5.png, Body: undefined}
[2023-05-27 11:52:10] WHERE : Req_Logger STATUS : 200 OPTION :  IP: ::1, Method: GET, URL: /images/product38.png, Body: undefined}
[2023-05-27 11:52:10] WHERE : Req_Logger STATUS : 200 OPTION :  IP: ::1, Method: GET, URL: /api/product/get_product_by_query?id=02c28703-b930-4cd5-8f7a-9e900bde9b09, Body: undefined}
[2023-05-27 11:52:10] WHERE : Req_Logger STATUS : 200 OPTION :  IP: ::1, Method: GET, URL: /images/product30.png, Body: undefined}
[2023-05-27 11:52:10] WHERE : Req_Logger STATUS : 200 OPTION :  IP: ::1, Method: GET, URL: /images/product28.png, Body: undefined}
[2023-05-27 11:52:10] WHERE : Req_Logger STATUS : 200 OPTION :  IP: ::1, Method: GET, URL: /images/product21.png, Body: undefined}
[2023-05-27 11:52:10] WHERE : Req_Logger STATUS : 200 OPTION :  IP: ::1, Method: GET, URL: /images/product26.png, Body: undefined}
[2023-05-27 11:52:10] WHERE : Req_Logger STATUS : 200 OPTION :  IP: ::1, Method: GET, URL: /images/product63.png, Body: undefined}
[2023-05-27 11:52:10] WHERE : Req_Logger STATUS : 200 OPTION :  IP: ::1, Method: GET, URL: /images/product20.png, Body: undefined}
[2023-05-27 11:52:10] WHERE : Req_Logger STATUS : 200 OPTION :  IP: ::1, Method: GET, URL: /images/product22.png, Body: undefined}
[2023-05-27 11:52:10] WHERE : Req_Logger STATUS : 200 OPTION :  IP: ::1, Method: GET, URL: /images/product37.png, Body: undefined}
[2023-05-27 11:52:10] WHERE : Req_Logger STATUS : 200 OPTION :  IP: ::1, Method: GET, URL: /images/product51.png, Body: undefined}
[2023-05-27 11:52:10] WHERE : Req_Logger STATUS : 200 OPTION :  IP: ::1, Method: GET, URL: /images/product72.png, Body: undefined}
[2023-05-27 11:52:10] WHERE : Req_Logger STATUS : 200 OPTION :  IP: ::1, Method: GET, URL: /images/product10.png, Body: undefined}
[2023-05-27 11:52:10] WHERE : Req_Logger STATUS : 200 OPTION :  IP: ::1, Method: GET, URL: /images/product35.png, Body: undefined}
[2023-05-27 11:52:10] WHERE : Req_Logger STATUS : 200 OPTION :  IP: ::1, Method: GET, URL: /images/product48.png, Body: undefined}
[2023-05-27 11:52:10] WHERE : Req_Logger STATUS : 200 OPTION :  IP: ::1, Method: GET, URL: /images/product1.png, Body: undefined}
[2023-05-27 11:52:10] WHERE : Req_Logger STATUS : 200 OPTION :  IP: ::1, Method: GET, URL: /images/product8.png, Body: undefined}
[2023-05-27 11:52:10] WHERE : Req_Logger STATUS : 200 OPTION :  IP: ::1, Method: GET, URL: /images/product47.png, Body: undefined}
[2023-05-27 11:52:10] WHERE : Req_Logger STATUS : 200 OPTION :  IP: ::1, Method: GET, URL: /images/product64.png, Body: undefined}
[2023-05-27 11:52:10] WHERE : Req_Logger STATUS : 200 OPTION :  IP: ::1, Method: GET, URL: /images/product16.png, Body: undefined}
[2023-05-27 11:52:10] WHERE : Req_Logger STATUS : 200 OPTION :  IP: ::1, Method: GET, URL: /images/product36.png, Body: undefined}
[2023-05-27 11:52:10] WHERE : Req_Logger STATUS : 200 OPTION :  IP: ::1, Method: GET, URL: /images/product66.png, Body: undefined}
[2023-05-27 11:52:10] WHERE : Req_Logger STATUS : 200 OPTION :  IP: ::1, Method: GET, URL: /images/product62.png, Body: undefined}
[2023-05-27 11:52:10] WHERE : Req_Logger STATUS : 200 OPTION :  IP: ::1, Method: GET, URL: /images/product71.png, Body: undefined}
[2023-05-27 11:52:10] WHERE : Req_Logger STATUS : 200 OPTION :  IP: ::1, Method: GET, URL: /images/product9.png, Body: undefined}
[2023-05-27 11:52:10] WHERE : Req_Logger STATUS : 200 OPTION :  IP: ::1, Method: GET, URL: /images/product25.png, Body: undefined}
[2023-05-27 11:52:10] WHERE : Req_Logger STATUS : 200 OPTION :  IP: ::1, Method: GET, URL: /images/product13.png, Body: undefined}
[2023-05-27 11:52:10] WHERE : Req_Logger STATUS : 200 OPTION :  IP: ::1, Method: GET, URL: /images/product49.png, Body: undefined}
[2023-05-27 11:52:10] WHERE : Req_Logger STATUS : 200 OPTION :  IP: ::1, Method: GET, URL: /images/product45.png, Body: undefined}
[2023-05-27 11:52:10] WHERE : Req_Logger STATUS : 200 OPTION :  IP: ::1, Method: GET, URL: /images/product42.png, Body: undefined}
[2023-05-27 11:52:10] WHERE : Req_Logger STATUS : 200 OPTION :  IP: ::1, Method: GET, URL: /images/product17.png, Body: undefined}
[2023-05-27 11:52:10] WHERE : Req_Logger STATUS : 200 OPTION :  IP: ::1, Method: GET, URL: /images/product69.png, Body: undefined}
[2023-05-27 11:52:10] WHERE : Req_Logger STATUS : 200 OPTION :  IP: ::1, Method: GET, URL: /images/product12.png, Body: undefined}
[2023-05-27 11:52:10] WHERE : Req_Logger STATUS : 200 OPTION :  IP: ::1, Method: GET, URL: /images/product41.png, Body: undefined}
[2023-05-27 11:52:10] WHERE : Req_Logger STATUS : 200 OPTION :  IP: ::1, Method: GET, URL: /images/product11.png, Body: undefined}
[2023-05-27 11:52:10] WHERE : Req_Logger STATUS : 200 OPTION :  IP: ::1, Method: GET, URL: /images/product46.png, Body: undefined}
[2023-05-27 11:52:10] WHERE : Req_Logger STATUS : 200 OPTION :  IP: ::1, Method: GET, URL: /images/product50.png, Body: undefined}
[2023-05-27 11:52:10] WHERE : Req_Logger STATUS : 200 OPTION :  IP: ::1, Method: GET, URL: /images/product31.png, Body: undefined}
[2023-05-27 11:52:10] WHERE : Req_Logger STATUS : 200 OPTION :  IP: ::1, Method: GET, URL: /images/product3.png, Body: undefined}
[2023-05-27 11:52:10] WHERE : Req_Logger STATUS : 200 OPTION :  IP: ::1, Method: GET, URL: /images/product44.png, Body: undefined}
[2023-05-27 11:52:10] WHERE : Req_Logger STATUS : 200 OPTION :  IP: ::1, Method: GET, URL: /images/product27.png, Body: undefined}
[2023-05-27 11:52:10] WHERE : Req_Logger STATUS : 200 OPTION :  IP: ::1, Method: GET, URL: /images/product6.png, Body: undefined}
[2023-05-27 11:52:10] WHERE : Req_Logger STATUS : 200 OPTION :  IP: ::1, Method: GET, URL: /images/product68.png, Body: undefined}
[2023-05-27 11:52:10] WHERE : Req_Logger STATUS : 200 OPTION :  IP: ::1, Method: GET, URL: /images/product70.png, Body: undefined}
[2023-05-27 11:52:10] WHERE : Req_Logger STATUS : 200 OPTION :  IP: ::1, Method: GET, URL: /images/product43.png, Body: undefined}
[2023-05-27 11:52:10] WHERE : Req_Logger STATUS : 200 OPTION :  IP: ::1, Method: GET, URL: /images/product40.png, Body: undefined}
[2023-05-27 11:52:10] WHERE : Req_Logger STATUS : 200 OPTION :  IP: ::1, Method: GET, URL: /images/product33.png, Body: undefined}
[2023-05-27 11:52:10] WHERE : Req_Logger STATUS : 200 OPTION :  IP: ::1, Method: GET, URL: /images/product67.png, Body: undefined}
[2023-05-27 11:52:10] WHERE : Req_Logger STATUS : 200 OPTION :  IP: ::1, Method: GET, URL: /api/product/get_product, Body: undefined}
[2023-05-27 11:52:10] WHERE : Req_Logger STATUS : 200 OPTION :  IP: ::1, Method: GET, URL: /images/isLoading.gif, Body: undefined}
[2023-05-27 11:52:10] WHERE : Req_Logger STATUS : 200 OPTION :  IP: ::1, Method: GET, URL: /images/product65.png, Body: undefined}
[2023-05-27 11:52:10] WHERE : Req_Logger STATUS : 200 OPTION :  IP: ::1, Method: GET, URL: /images/product18.png, Body: undefined}
[2023-05-27 11:52:10] WHERE : Req_Logger STATUS : 200 OPTION :  IP: ::1, Method: GET, URL: /images/product39.png, Body: undefined}
[2023-05-27 11:52:10] WHERE : Req_Logger STATUS : 200 OPTION :  IP: ::1, Method: GET, URL: /images/product29.png, Body: undefined}
[2023-05-27 11:52:10] WHERE : Req_Logger STATUS : 200 OPTION :  IP: ::1, Method: GET, URL: /images/product23.png, Body: undefined}
[2023-05-27 11:52:10] WHERE : Req_Logger STATUS : 200 OPTION :  IP: ::1, Method: GET, URL: /images/product0.png, Body: undefined}
[2023-05-27 11:52:10] WHERE : Req_Logger STATUS : 200 OPTION :  IP: ::1, Method: GET, URL: /images/product32.png, Body: undefined}
[2023-05-27 11:52:10] WHERE : Req_Logger STATUS : 200 OPTION :  IP: ::1, Method: GET, URL: /images/product19.png, Body: undefined}
[2023-05-27 11:52:10] WHERE : Req_Logger STATUS : 200 OPTION :  IP: ::1, Method: GET, URL: /images/product34.png, Body: undefined}
[2023-05-27 11:52:10] WHERE : Req_Logger STATUS : 200 OPTION :  IP: ::1, Method: GET, URL: /images/product24.png, Body: undefined}
[2023-05-27 11:52:10] WHERE : Req_Logger STATUS : 200 OPTION :  IP: ::1, Method: GET, URL: /images/product7.png, Body: undefined}
[2023-05-27 11:52:10] WHERE : Req_Logger STATUS : 200 OPTION :  IP: ::1, Method: GET, URL: /images/product5.png, Body: undefined}
[2023-05-27 11:52:10] WHERE : Req_Logger STATUS : 200 OPTION :  IP: ::1, Method: GET, URL: /images/product38.png, Body: undefined}
[2023-05-27 11:52:10] WHERE : Req_Logger STATUS : 200 OPTION :  IP: ::1, Method: GET, URL: /images/product30.png, Body: undefined}
[2023-05-27 11:52:10] WHERE : Req_Logger STATUS : 200 OPTION :  IP: ::1, Method: GET, URL: /images/product28.png, Body: undefined}
[2023-05-27 11:52:10] WHERE : Req_Logger STATUS : 200 OPTION :  IP: ::1, Method: GET, URL: /images/product26.png, Body: undefined}
[2023-05-27 11:52:10] WHERE : Req_Logger STATUS : 200 OPTION :  IP: ::1, Method: GET, URL: /images/product21.png, Body: undefined}
[2023-05-27 11:52:10] WHERE : Req_Logger STATUS : 200 OPTION :  IP: ::1, Method: GET, URL: /images/product63.png, Body: undefined}
[2023-05-27 11:52:10] WHERE : Req_Logger STATUS : 200 OPTION :  IP: ::1, Method: GET, URL: /images/product20.png, Body: undefined}
[2023-05-27 11:52:10] WHERE : Req_Logger STATUS : 200 OPTION :  IP: ::1, Method: GET, URL: /images/product22.png, Body: undefined}
[2023-05-27 11:52:10] WHERE : Req_Logger STATUS : 200 OPTION :  IP: ::1, Method: GET, URL: /images/product51.png, Body: undefined}
[2023-05-27 11:52:10] WHERE : Req_Logger STATUS : 200 OPTION :  IP: ::1, Method: GET, URL: /images/product72.png, Body: undefined}
[2023-05-27 11:52:10] WHERE : Req_Logger STATUS : 200 OPTION :  IP: ::1, Method: GET, URL: /images/product10.png, Body: undefined}
[2023-05-27 11:52:10] WHERE : Req_Logger STATUS : 200 OPTION :  IP: ::1, Method: GET, URL: /images/product37.png, Body: undefined}
[2023-05-27 11:52:10] WHERE : Req_Logger STATUS : 200 OPTION :  IP: ::1, Method: GET, URL: /images/product35.png, Body: undefined}
[2023-05-27 11:52:10] WHERE : Req_Logger STATUS : 200 OPTION :  IP: ::1, Method: GET, URL: /images/product48.png, Body: undefined}
[2023-05-27 11:52:10] WHERE : Req_Logger STATUS : 200 OPTION :  IP: ::1, Method: GET, URL: /images/product1.png, Body: undefined}
[2023-05-27 11:52:10] WHERE : Req_Logger STATUS : 200 OPTION :  IP: ::1, Method: GET, URL: /images/product8.png, Body: undefined}
[2023-05-27 11:52:10] WHERE : Req_Logger STATUS : 200 OPTION :  IP: ::1, Method: GET, URL: /images/product47.png, Body: undefined}
[2023-05-27 11:52:10] WHERE : Req_Logger STATUS : 200 OPTION :  IP: ::1, Method: GET, URL: /images/product64.png, Body: undefined}
[2023-05-27 11:52:10] WHERE : Req_Logger STATUS : 200 OPTION :  IP: ::1, Method: GET, URL: /images/product16.png, Body: undefined}
[2023-05-27 11:52:10] WHERE : Req_Logger STATUS : 200 OPTION :  IP: ::1, Method: GET, URL: /images/product36.png, Body: undefined}
[2023-05-27 11:52:10] WHERE : Req_Logger STATUS : 200 OPTION :  IP: ::1, Method: GET, URL: /images/product66.png, Body: undefined}
[2023-05-27 11:52:10] WHERE : Req_Logger STATUS : 200 OPTION :  IP: ::1, Method: GET, URL: /images/product62.png, Body: undefined}
[2023-05-27 11:52:10] WHERE : Req_Logger STATUS : 200 OPTION :  IP: ::1, Method: GET, URL: /images/product71.png, Body: undefined}
[2023-05-27 11:52:10] WHERE : Req_Logger STATUS : 200 OPTION :  IP: ::1, Method: GET, URL: /images/product9.png, Body: undefined}
[2023-05-27 11:52:10] WHERE : Req_Logger STATUS : 200 OPTION :  IP: ::1, Method: GET, URL: /images/product25.png, Body: undefined}
[2023-05-27 11:52:10] WHERE : Req_Logger STATUS : 200 OPTION :  IP: ::1, Method: GET, URL: /images/product13.png, Body: undefined}
[2023-05-27 11:52:10] WHERE : Req_Logger STATUS : 200 OPTION :  IP: ::1, Method: GET, URL: /images/product49.png, Body: undefined}
[2023-05-27 11:52:10] WHERE : Req_Logger STATUS : 200 OPTION :  IP: ::1, Method: GET, URL: /images/product45.png, Body: undefined}
[2023-05-27 11:52:10] WHERE : Req_Logger STATUS : 200 OPTION :  IP: ::1, Method: GET, URL: /images/product42.png, Body: undefined}
[2023-05-27 11:52:10] WHERE : Req_Logger STATUS : 200 OPTION :  IP: ::1, Method: GET, URL: /images/product17.png, Body: undefined}
[2023-05-27 11:52:10] WHERE : Req_Logger STATUS : 200 OPTION :  IP: ::1, Method: GET, URL: /images/product69.png, Body: undefined}
[2023-05-27 11:52:10] WHERE : Req_Logger STATUS : 200 OPTION :  IP: ::1, Method: GET, URL: /images/product12.png, Body: undefined}
[2023-05-27 11:52:10] WHERE : Req_Logger STATUS : 200 OPTION :  IP: ::1, Method: GET, URL: /images/product41.png, Body: undefined}
[2023-05-27 11:52:10] WHERE : Req_Logger STATUS : 200 OPTION :  IP: ::1, Method: GET, URL: /images/product11.png, Body: undefined}
[2023-05-27 11:52:10] WHERE : Req_Logger STATUS : 200 OPTION :  IP: ::1, Method: GET, URL: /images/product46.png, Body: undefined}
[2023-05-27 11:52:10] WHERE : Req_Logger STATUS : 200 OPTION :  IP: ::1, Method: GET, URL: /images/product50.png, Body: undefined}
[2023-05-27 11:52:10] WHERE : Req_Logger STATUS : 200 OPTION :  IP: ::1, Method: GET, URL: /images/product31.png, Body: undefined}
[2023-05-27 11:52:10] WHERE : Req_Logger STATUS : 200 OPTION :  IP: ::1, Method: GET, URL: /images/product3.png, Body: undefined}
[2023-05-27 11:52:10] WHERE : Req_Logger STATUS : 200 OPTION :  IP: ::1, Method: GET, URL: /images/product44.png, Body: undefined}
[2023-05-27 11:52:10] WHERE : Req_Logger STATUS : 200 OPTION :  IP: ::1, Method: GET, URL: /images/product27.png, Body: undefined}
[2023-05-27 11:52:10] WHERE : Req_Logger STATUS : 200 OPTION :  IP: ::1, Method: GET, URL: /images/product6.png, Body: undefined}
[2023-05-27 11:52:10] WHERE : Req_Logger STATUS : 200 OPTION :  IP: ::1, Method: GET, URL: /images/product68.png, Body: undefined}
[2023-05-27 11:52:10] WHERE : Req_Logger STATUS : 200 OPTION :  IP: ::1, Method: GET, URL: /images/product70.png, Body: undefined}
[2023-05-27 11:52:10] WHERE : Req_Logger STATUS : 200 OPTION :  IP: ::1, Method: GET, URL: /images/product43.png, Body: undefined}
[2023-05-27 11:52:10] WHERE : Req_Logger STATUS : 200 OPTION :  IP: ::1, Method: GET, URL: /images/product40.png, Body: undefined}
[2023-05-27 11:52:10] WHERE : Req_Logger STATUS : 200 OPTION :  IP: ::1, Method: GET, URL: /images/product33.png, Body: undefined}
[2023-05-27 11:52:10] WHERE : Req_Logger STATUS : 200 OPTION :  IP: ::1, Method: GET, URL: /images/product67.png, Body: undefined}
[2023-05-27 11:52:10] WHERE : Req_Logger STATUS : 200 OPTION :  IP: ::1, Method: GET, URL: /api/product/get_product_by_likes, Body: undefined}
[2023-05-27 11:52:10] WHERE : Req_Logger STATUS : 200 OPTION :  IP: ::1, Method: GET, URL: /images/point_ill.png, Body: undefined}
[2023-05-27 11:52:10] WHERE : Req_Logger STATUS : 200 OPTION :  IP: ::1, Method: GET, URL: /images/cart_ill.webp, Body: undefined}
[2023-05-27 11:52:10] WHERE : Req_Logger STATUS : 200 OPTION :  IP: ::1, Method: GET, URL: /images/question_ill.jpg, Body: undefined}
[2023-05-27 11:52:10] WHERE : Req_Logger STATUS : 200 OPTION :  IP: ::1, Method: GET, URL: /images/dev_ill.avif, Body: undefined}
[2023-05-27 11:52:10] WHERE : Req_Logger STATUS : 200 OPTION :  IP: ::1, Method: GET, URL: /images/dev_img.jpg, Body: undefined}
[2023-05-27 11:52:10] WHERE : Req_Logger STATUS : 200 OPTION :  IP: ::1, Method: GET, URL: /images/spec1.png, Body: undefined}
[2023-05-27 11:52:10] WHERE : Req_Logger STATUS : 200 OPTION :  IP: ::1, Method: GET, URL: /api/product/get_product_by_query?id=5cbd0920-cf86-4dfa-ad5b-278843686dd9, Body: undefined}
[2023-05-27 11:52:10] WHERE : Req_Logger STATUS : 200 OPTION :  IP: ::1, Method: GET, URL: /api/product/get_product_by_likes, Body: undefined}
[2023-05-27 11:52:10] WHERE : Req_Logger STATUS : 200 OPTION :  IP: ::1, Method: GET, URL: /images/isLoading.gif, Body: undefined}
[2023-05-27 11:52:10] WHERE : Req_Logger STATUS : 200 OPTION :  IP: ::1, Method: GET, URL: /api/auth/get_my_info, Body: undefined}
[2023-05-27 11:52:10] WHERE : Error_Handler STATUS : 200 OPTION : 세션정보가 없거나 만료되었어요. IP: ::1, Method: GET, URL: /api/auth/get_my_info, Body: {}}
[2023-05-27 11:52:10] WHERE : Req_Logger STATUS : 200 OPTION :  IP: ::1, Method: GET, URL: /api/quiz/get_random, Body: undefined}
[2023-05-27 11:52:10] WHERE : Req_Logger STATUS : 200 OPTION :  IP: ::1, Method: GET, URL: /images/icon_exclam.png, Body: undefined}
[2023-05-27 11:52:10] WHERE : Req_Logger STATUS : 200 OPTION :  IP: ::1, Method: GET, URL: /api/product/get_product, Body: undefined}
[2023-05-27 11:52:10] WHERE : Req_Logger STATUS : 200 OPTION :  IP: ::1, Method: GET, URL: /images/isLoading.gif, Body: undefined}
[2023-05-27 11:52:10] WHERE : Req_Logger STATUS : 200 OPTION :  IP: ::1, Method: GET, URL: /images/product14.png, Body: undefined}
[2023-05-27 11:52:10] WHERE : Req_Logger STATUS : 200 OPTION :  IP: ::1, Method: GET, URL: /images/product65.png, Body: undefined}
[2023-05-27 11:52:10] WHERE : Req_Logger STATUS : 200 OPTION :  IP: ::1, Method: GET, URL: /images/product39.png, Body: undefined}
[2023-05-27 11:52:10] WHERE : Req_Logger STATUS : 200 OPTION :  IP: ::1, Method: GET, URL: /images/product23.png, Body: undefined}
[2023-05-27 11:52:10] WHERE : Req_Logger STATUS : 200 OPTION :  IP: ::1, Method: GET, URL: /images/product0.png, Body: undefined}
[2023-05-27 11:52:10] WHERE : Req_Logger STATUS : 200 OPTION :  IP: ::1, Method: GET, URL: /images/product32.png, Body: undefined}
[2023-05-27 11:52:10] WHERE : Req_Logger STATUS : 200 OPTION :  IP: ::1, Method: GET, URL: /images/product19.png, Body: undefined}
[2023-05-27 11:52:10] WHERE : Req_Logger STATUS : 200 OPTION :  IP: ::1, Method: GET, URL: /images/product34.png, Body: undefined}
[2023-05-27 11:52:10] WHERE : Req_Logger STATUS : 200 OPTION :  IP: ::1, Method: GET, URL: /images/product24.png, Body: undefined}
[2023-05-27 11:52:10] WHERE : Req_Logger STATUS : 200 OPTION :  IP: ::1, Method: GET, URL: /images/product7.png, Body: undefined}
[2023-05-27 11:52:10] WHERE : Req_Logger STATUS : 200 OPTION :  IP: ::1, Method: GET, URL: /images/product5.png, Body: undefined}
[2023-05-27 11:52:10] WHERE : Req_Logger STATUS : 200 OPTION :  IP: ::1, Method: GET, URL: /images/product38.png, Body: undefined}
[2023-05-27 11:52:10] WHERE : Req_Logger STATUS : 200 OPTION :  IP: ::1, Method: GET, URL: /images/product28.png, Body: undefined}
[2023-05-27 11:52:10] WHERE : Req_Logger STATUS : 200 OPTION :  IP: ::1, Method: GET, URL: /images/product21.png, Body: undefined}
[2023-05-27 11:52:10] WHERE : Req_Logger STATUS : 200 OPTION :  IP: ::1, Method: GET, URL: /images/product63.png, Body: undefined}
[2023-05-27 11:52:10] WHERE : Req_Logger STATUS : 200 OPTION :  IP: ::1, Method: GET, URL: /images/product22.png, Body: undefined}
[2023-05-27 11:52:10] WHERE : Req_Logger STATUS : 200 OPTION :  IP: ::1, Method: GET, URL: /images/product10.png, Body: undefined}
[2023-05-27 11:52:10] WHERE : Req_Logger STATUS : 200 OPTION :  IP: ::1, Method: GET, URL: /images/product35.png, Body: undefined}
[2023-05-27 11:52:10] WHERE : Req_Logger STATUS : 200 OPTION :  IP: ::1, Method: GET, URL: /images/product48.png, Body: undefined}
[2023-05-27 11:52:10] WHERE : Req_Logger STATUS : 200 OPTION :  IP: ::1, Method: GET, URL: /images/product1.png, Body: undefined}
[2023-05-27 11:52:10] WHERE : Req_Logger STATUS : 200 OPTION :  IP: ::1, Method: GET, URL: /images/product8.png, Body: undefined}
[2023-05-27 11:52:10] WHERE : Req_Logger STATUS : 200 OPTION :  IP: ::1, Method: GET, URL: /images/product47.png, Body: undefined}
[2023-05-27 11:52:10] WHERE : Req_Logger STATUS : 200 OPTION :  IP: ::1, Method: GET, URL: /images/product64.png, Body: undefined}
[2023-05-27 11:52:10] WHERE : Req_Logger STATUS : 200 OPTION :  IP: ::1, Method: GET, URL: /images/product16.png, Body: undefined}
[2023-05-27 11:52:10] WHERE : Req_Logger STATUS : 200 OPTION :  IP: ::1, Method: GET, URL: /images/product36.png, Body: undefined}
[2023-05-27 11:52:10] WHERE : Req_Logger STATUS : 200 OPTION :  IP: ::1, Method: GET, URL: /images/product66.png, Body: undefined}
[2023-05-27 11:52:10] WHERE : Req_Logger STATUS : 200 OPTION :  IP: ::1, Method: GET, URL: /images/product62.png, Body: undefined}
[2023-05-27 11:52:10] WHERE : Req_Logger STATUS : 200 OPTION :  IP: ::1, Method: GET, URL: /images/product71.png, Body: undefined}
[2023-05-27 11:52:10] WHERE : Req_Logger STATUS : 200 OPTION :  IP: ::1, Method: GET, URL: /images/product9.png, Body: undefined}
[2023-05-27 11:52:10] WHERE : Req_Logger STATUS : 200 OPTION :  IP: ::1, Method: GET, URL: /images/product25.png, Body: undefined}
[2023-05-27 11:52:10] WHERE : Req_Logger STATUS : 200 OPTION :  IP: ::1, Method: GET, URL: /images/product49.png, Body: undefined}
[2023-05-27 11:52:10] WHERE : Req_Logger STATUS : 200 OPTION :  IP: ::1, Method: GET, URL: /images/product45.png, Body: undefined}
[2023-05-27 11:52:10] WHERE : Req_Logger STATUS : 200 OPTION :  IP: ::1, Method: GET, URL: /images/product42.png, Body: undefined}
[2023-05-27 11:52:10] WHERE : Req_Logger STATUS : 200 OPTION :  IP: ::1, Method: GET, URL: /images/product69.png, Body: undefined}
[2023-05-27 11:52:10] WHERE : Req_Logger STATUS : 200 OPTION :  IP: ::1, Method: GET, URL: /images/product12.png, Body: undefined}
[2023-05-27 11:52:10] WHERE : Req_Logger STATUS : 200 OPTION :  IP: ::1, Method: GET, URL: /images/product41.png, Body: undefined}
[2023-05-27 11:52:10] WHERE : Req_Logger STATUS : 200 OPTION :  IP: ::1, Method: GET, URL: /images/product11.png, Body: undefined}
[2023-05-27 11:52:10] WHERE : Req_Logger STATUS : 200 OPTION :  IP: ::1, Method: GET, URL: /images/product46.png, Body: undefined}
[2023-05-27 11:52:10] WHERE : Req_Logger STATUS : 200 OPTION :  IP: ::1, Method: GET, URL: /images/product50.png, Body: undefined}
[2023-05-27 11:52:10] WHERE : Req_Logger STATUS : 200 OPTION :  IP: ::1, Method: GET, URL: /images/product31.png, Body: undefined}
[2023-05-27 11:52:10] WHERE : Req_Logger STATUS : 200 OPTION :  IP: ::1, Method: GET, URL: /images/product3.png, Body: undefined}
[2023-05-27 11:52:10] WHERE : Req_Logger STATUS : 200 OPTION :  IP: ::1, Method: GET, URL: /images/product44.png, Body: undefined}
[2023-05-27 11:52:10] WHERE : Req_Logger STATUS : 200 OPTION :  IP: ::1, Method: GET, URL: /images/product27.png, Body: undefined}
[2023-05-27 11:52:10] WHERE : Req_Logger STATUS : 200 OPTION :  IP: ::1, Method: GET, URL: /images/product6.png, Body: undefined}
[2023-05-27 11:52:10] WHERE : Req_Logger STATUS : 200 OPTION :  IP: ::1, Method: GET, URL: /images/product68.png, Body: undefined}
[2023-05-27 11:52:10] WHERE : Req_Logger STATUS : 200 OPTION :  IP: ::1, Method: GET, URL: /images/product70.png, Body: undefined}
[2023-05-27 11:52:10] WHERE : Req_Logger STATUS : 200 OPTION :  IP: ::1, Method: GET, URL: /images/product43.png, Body: undefined}
[2023-05-27 11:52:10] WHERE : Req_Logger STATUS : 200 OPTION :  IP: ::1, Method: GET, URL: /images/product40.png, Body: undefined}
[2023-05-27 11:52:10] WHERE : Req_Logger STATUS : 200 OPTION :  IP: ::1, Method: GET, URL: /images/product33.png, Body: undefined}
[2023-05-27 11:52:10] WHERE : Req_Logger STATUS : 200 OPTION :  IP: ::1, Method: GET, URL: /images/product67.png, Body: undefined}
[2023-05-27 11:52:10] WHERE : Req_Logger STATUS : 200 OPTION :  IP: ::1, Method: GET, URL: /api/auth/get_my_info, Body: undefined}
[2023-05-27 11:52:10] WHERE : Error_Handler STATUS : 200 OPTION : 세션정보가 없거나 만료되었어요. IP: ::1, Method: GET, URL: /api/auth/get_my_info, Body: {}}
[2023-05-27 11:52:10] WHERE : Req_Logger STATUS : 200 OPTION :  IP: ::1, Method: GET, URL: /api/quiz/get_random, Body: undefined}
[2023-05-27 11:52:10] WHERE : Req_Logger STATUS : 200 OPTION :  IP: ::1, Method: GET, URL: /images/icon_exclam.png, Body: undefined}
[2023-05-27 11:52:10] WHERE : Req_Logger STATUS : 200 OPTION :  IP: ::1, Method: GET, URL: /api/product/get_product_by_likes, Body: undefined}
[2023-05-27 11:52:10] WHERE : Req_Logger STATUS : 200 OPTION :  IP: ::1, Method: GET, URL: /images/point_ill.png, Body: undefined}
[2023-05-27 11:52:10] WHERE : Req_Logger STATUS : 200 OPTION :  IP: ::1, Method: GET, URL: /images/cart_ill.webp, Body: undefined}
[2023-05-27 11:52:10] WHERE : Req_Logger STATUS : 200 OPTION :  IP: ::1, Method: GET, URL: /images/question_ill.jpg, Body: undefined}
[2023-05-27 11:52:10] WHERE : Req_Logger STATUS : 200 OPTION :  IP: ::1, Method: GET, URL: /images/dev_ill.avif, Body: undefined}
[2023-05-27 11:52:10] WHERE : Req_Logger STATUS : 200 OPTION :  IP: ::1, Method: GET, URL: /images/dev_img.jpg, Body: undefined}
[2023-05-27 11:52:10] WHERE : Req_Logger STATUS : 200 OPTION :  IP: ::1, Method: GET, URL: /images/spec1.png, Body: undefined}
[2023-05-27 11:52:10] WHERE : Req_Logger STATUS : 200 OPTION :  IP: ::1, Method: GET, URL: /images/isLoading.gif, Body: undefined}
[2023-05-27 11:52:10] WHERE : Req_Logger STATUS : 200 OPTION :  IP: ::1, Method: GET, URL: /images/product51.png, Body: undefined}
[2023-05-27 11:52:10] WHERE : Req_Logger STATUS : 200 OPTION :  IP: ::1, Method: GET, URL: /images/product29.png, Body: undefined}
[2023-05-27 11:52:10] WHERE : Req_Logger STATUS : 200 OPTION :  IP: ::1, Method: GET, URL: /images/product20.png, Body: undefined}
[2023-05-27 11:52:10] WHERE : Req_Logger STATUS : 200 OPTION :  IP: ::1, Method: GET, URL: /images/product18.png, Body: undefined}
[2023-05-27 11:52:10] WHERE : Req_Logger STATUS : 200 OPTION :  IP: ::1, Method: GET, URL: /images/product72.png, Body: undefined}
[2023-05-27 11:52:10] WHERE : Req_Logger STATUS : 200 OPTION :  IP: ::1, Method: GET, URL: /images/product13.png, Body: undefined}
[2023-05-27 11:52:10] WHERE : Req_Logger STATUS : 200 OPTION :  IP: ::1, Method: GET, URL: /images/product17.png, Body: undefined}
[2023-05-27 11:52:10] WHERE : Req_Logger STATUS : 200 OPTION :  IP: ::1, Method: GET, URL: /images/product26.png, Body: undefined}
[2023-05-27 11:52:10] WHERE : Req_Logger STATUS : 200 OPTION :  IP: ::1, Method: GET, URL: /images/product30.png, Body: undefined}
[2023-05-27 11:52:10] WHERE : Req_Logger STATUS : 200 OPTION :  IP: ::1, Method: GET, URL: /images/product37.png, Body: undefined}
[2023-05-27 11:52:10] WHERE : Req_Logger STATUS : 200 OPTION :  IP: ::1, Method: GET, URL: /api/product/get_product_by_query?id=5c88da2a-a2cc-4b14-8786-8b95eb73e610, Body: undefined}
[2023-05-27 11:52:10] WHERE : Req_Logger STATUS : 200 OPTION :  IP: ::1, Method: GET, URL: /api/product/get_product_by_likes, Body: undefined}
[2023-05-27 11:52:10] WHERE : Req_Logger STATUS : 200 OPTION :  IP: ::1, Method: GET, URL: /images/isLoading.gif, Body: undefined}
[2023-05-27 15:30:35] WHERE : Req_Logger STATUS : 200 OPTION :  IP: ::1, Method: GET, URL: /api/auth/get_my_info, Body: undefined}
[2023-05-27 15:30:35] WHERE : Req_Logger STATUS : 200 OPTION :  IP: ::1, Method: GET, URL: /api/product/get_product_by_likes, Body: undefined}
[2023-05-27 15:30:35] WHERE : Error_Handler STATUS : 200 OPTION : 세션정보가 없거나 만료되었어요. IP: ::1, Method: GET, URL: /api/auth/get_my_info, Body: {}}
[2023-05-27 15:30:35] WHERE : Req_Logger STATUS : 200 OPTION :  IP: ::1, Method: GET, URL: /images/point_ill.png, Body: undefined}
[2023-05-27 15:30:35] WHERE : Req_Logger STATUS : 200 OPTION :  IP: ::1, Method: GET, URL: /images/product20.png, Body: undefined}
[2023-05-27 15:30:35] WHERE : Req_Logger STATUS : 200 OPTION :  IP: ::1, Method: GET, URL: /images/product29.png, Body: undefined}
[2023-05-27 15:30:35] WHERE : Req_Logger STATUS : 200 OPTION :  IP: ::1, Method: GET, URL: /images/product51.png, Body: undefined}
[2023-05-27 15:30:35] WHERE : Req_Logger STATUS : 200 OPTION :  IP: ::1, Method: GET, URL: /images/product72.png, Body: undefined}
[2023-05-27 15:30:35] WHERE : Req_Logger STATUS : 200 OPTION :  IP: ::1, Method: GET, URL: /images/product18.png, Body: undefined}
[2023-05-27 15:30:35] WHERE : Req_Logger STATUS : 200 OPTION :  IP: ::1, Method: GET, URL: /images/cart_ill.webp, Body: undefined}
[2023-05-27 15:30:35] WHERE : Req_Logger STATUS : 200 OPTION :  IP: ::1, Method: GET, URL: /images/question_ill.jpg, Body: undefined}
[2023-05-27 15:30:35] WHERE : Req_Logger STATUS : 200 OPTION :  IP: ::1, Method: GET, URL: /images/dev_ill.avif, Body: undefined}
[2023-05-27 15:30:35] WHERE : Req_Logger STATUS : 200 OPTION :  IP: ::1, Method: GET, URL: /images/dev_img.jpg, Body: undefined}
[2023-05-27 15:30:35] WHERE : Req_Logger STATUS : 200 OPTION :  IP: ::1, Method: GET, URL: /images/spec1.png, Body: undefined}
[2023-05-27 15:30:35] WHERE : Req_Logger STATUS : 200 OPTION :  IP: ::1, Method: GET, URL: /images/isLoading.gif, Body: undefined}
[2023-05-27 15:30:35] WHERE : Req_Logger STATUS : 200 OPTION :  IP: ::1, Method: GET, URL: /images/product13.png, Body: undefined}
[2023-05-27 15:30:35] WHERE : Req_Logger STATUS : 200 OPTION :  IP: ::1, Method: GET, URL: /images/product17.png, Body: undefined}
[2023-05-27 15:30:35] WHERE : Req_Logger STATUS : 200 OPTION :  IP: ::1, Method: GET, URL: /images/product26.png, Body: undefined}
[2023-05-27 15:30:35] WHERE : Req_Logger STATUS : 200 OPTION :  IP: ::1, Method: GET, URL: /images/product30.png, Body: undefined}
[2023-05-27 15:30:35] WHERE : Req_Logger STATUS : 200 OPTION :  IP: ::1, Method: GET, URL: /images/product37.png, Body: undefined}
[2023-05-27 15:30:35] WHERE : Req_Logger STATUS : 200 OPTION :  IP: ::1, Method: GET, URL: /images/point_ill.png, Body: undefined}
[2023-05-27 15:30:35] WHERE : Req_Logger STATUS : 200 OPTION :  IP: ::1, Method: GET, URL: /images/cart_ill.webp, Body: undefined}
[2023-05-27 15:30:35] WHERE : Req_Logger STATUS : 200 OPTION :  IP: ::1, Method: GET, URL: /images/question_ill.jpg, Body: undefined}
[2023-05-27 15:30:35] WHERE : Req_Logger STATUS : 200 OPTION :  IP: ::1, Method: GET, URL: /api/auth/get_my_info, Body: undefined}
[2023-05-27 15:30:35] WHERE : Req_Logger STATUS : 200 OPTION :  IP: ::1, Method: GET, URL: /api/product/get_product_by_likes, Body: undefined}
[2023-05-27 15:30:35] WHERE : Req_Logger STATUS : 200 OPTION :  IP: ::1, Method: GET, URL: /images/dev_ill.avif, Body: undefined}
[2023-05-27 15:30:35] WHERE : Error_Handler STATUS : 200 OPTION : 세션정보가 없거나 만료되었어요. IP: ::1, Method: GET, URL: /api/auth/get_my_info, Body: {}}
[2023-05-27 15:30:35] WHERE : Req_Logger STATUS : 200 OPTION :  IP: ::1, Method: GET, URL: /images/dev_img.jpg, Body: undefined}
[2023-05-27 15:30:35] WHERE : Req_Logger STATUS : 200 OPTION :  IP: ::1, Method: GET, URL: /images/spec1.png, Body: undefined}
[2023-05-27 15:30:35] WHERE : Req_Logger STATUS : 200 OPTION :  IP: ::1, Method: GET, URL: /images/product51.png, Body: undefined}
[2023-05-27 15:30:35] WHERE : Req_Logger STATUS : 200 OPTION :  IP: ::1, Method: GET, URL: /images/isLoading.gif, Body: undefined}
[2023-05-27 15:30:35] WHERE : Req_Logger STATUS : 200 OPTION :  IP: ::1, Method: GET, URL: /images/product29.png, Body: undefined}
[2023-05-27 15:30:35] WHERE : Req_Logger STATUS : 200 OPTION :  IP: ::1, Method: GET, URL: /images/product20.png, Body: undefined}
[2023-05-27 15:30:35] WHERE : Req_Logger STATUS : 200 OPTION :  IP: ::1, Method: GET, URL: /images/product18.png, Body: undefined}
[2023-05-27 15:30:35] WHERE : Req_Logger STATUS : 200 OPTION :  IP: ::1, Method: GET, URL: /images/product72.png, Body: undefined}
[2023-05-27 15:30:35] WHERE : Req_Logger STATUS : 200 OPTION :  IP: ::1, Method: GET, URL: /images/product13.png, Body: undefined}
[2023-05-27 15:30:35] WHERE : Req_Logger STATUS : 200 OPTION :  IP: ::1, Method: GET, URL: /images/product17.png, Body: undefined}
[2023-05-27 15:30:35] WHERE : Req_Logger STATUS : 200 OPTION :  IP: ::1, Method: GET, URL: /images/product26.png, Body: undefined}
[2023-05-27 15:30:35] WHERE : Req_Logger STATUS : 200 OPTION :  IP: ::1, Method: GET, URL: /images/product30.png, Body: undefined}
[2023-05-27 15:30:35] WHERE : Req_Logger STATUS : 200 OPTION :  IP: ::1, Method: GET, URL: /images/product37.png, Body: undefined}
[2023-05-27 15:30:35] WHERE : Req_Logger STATUS : 200 OPTION :  IP: ::1, Method: GET, URL: /api/auth/get_my_info, Body: undefined}
[2023-05-27 15:30:35] WHERE : Req_Logger STATUS : 200 OPTION :  IP: ::1, Method: GET, URL: /api/product/get_product_by_likes, Body: undefined}
[2023-05-27 15:30:35] WHERE : Req_Logger STATUS : 200 OPTION :  IP: ::1, Method: GET, URL: /images/isLoading.gif, Body: undefined}
[2023-05-27 15:30:35] WHERE : Req_Logger STATUS : 200 OPTION :  IP: ::1, Method: GET, URL: /api/product/get_product_by_likes, Body: undefined}
[2023-05-27 15:30:35] WHERE : Req_Logger STATUS : 200 OPTION :  IP: ::1, Method: GET, URL: /images/isLoading.gif, Body: undefined}
[2023-05-27 15:30:35] WHERE : Req_Logger STATUS : 200 OPTION :  IP: ::1, Method: GET, URL: /api/product/get_product_by_query?id=5c88da2a-a2cc-4b14-8786-8b95eb73e610, Body: undefined}
[2023-05-27 15:30:35] WHERE : Req_Logger STATUS : 200 OPTION :  IP: ::1, Method: GET, URL: /api/product/get_product_by_likes, Body: undefined}
[2023-05-27 15:30:35] WHERE : Req_Logger STATUS : 200 OPTION :  IP: ::1, Method: GET, URL: /images/isLoading.gif, Body: undefined}
[2023-05-27 15:30:35] WHERE : Req_Logger STATUS : 200 OPTION :  IP: ::1, Method: GET, URL: /api/product/get_product_by_likes, Body: undefined}
[2023-05-27 15:30:35] WHERE : Req_Logger STATUS : 200 OPTION :  IP: ::1, Method: GET, URL: /api/product/get_product_by_likes, Body: undefined}
[2023-05-27 15:30:35] WHERE : Req_Logger STATUS : 200 OPTION :  IP: ::1, Method: GET, URL: /api/product/get_product_by_likes, Body: undefined}
