[2023-05-26 10:15:49] WHERE : Req_Logger STATUS : 200 OPTION :  IP: ::1, Method: POST, URL: /api/auth/login, Body: undefined}
[2023-05-26 10:15:49] WHERE : Req_Logger STATUS : 200 OPTION :  IP: ::1, Method: POST, URL: /api/quiz/answer_check, Body: undefined}
[2023-05-26 10:15:49] WHERE : Req_Logger STATUS : 200 OPTION :  IP: ::1, Method: POST, URL: /api/quiz/answer_check, Body: undefined}
[2023-05-26 10:15:49] WHERE : Req_Logger STATUS : 200 OPTION :  IP: ::1, Method: POST, URL: /api/quiz/answer_check, Body: undefined}
[2023-05-26 10:15:49] WHERE : Req_Logger STATUS : 200 OPTION :  IP: ::1, Method: POST, URL: /api/quiz/answer_check, Body: undefined}
[2023-05-26 10:15:49] WHERE : Req_Logger STATUS : 200 OPTION :  IP: ::1, Method: POST, URL: /api/quiz/answer_check, Body: undefined}
[2023-05-26 10:15:49] WHERE : Req_Logger STATUS : 200 OPTION :  IP: ::1, Method: POST, URL: /api/quiz/answer_check, Body: undefined}
[2023-05-26 10:15:49] WHERE : Req_Logger STATUS : 200 OPTION :  IP: ::1, Method: POST, URL: /api/quiz/answer_check, Body: undefined}
[2023-05-26 10:15:49] WHERE : Req_Logger STATUS : 200 OPTION :  IP: ::1, Method: POST, URL: /api/quiz/answer_check, Body: undefined}
[2023-05-26 10:15:49] WHERE : Req_Logger STATUS : 200 OPTION :  IP: ::1, Method: POST, URL: /api/quiz/answer_check, Body: undefined}
[2023-05-26 10:15:49] WHERE : Req_Logger STATUS : 200 OPTION :  IP: ::1, Method: POST, URL: /api/quiz/answer_check, Body: undefined}
[2023-05-26 10:15:49] WHERE : Req_Logger STATUS : 200 OPTION :  IP: ::1, Method: POST, URL: /api/quiz/answer_check, Body: undefined}
[2023-05-26 10:15:49] WHERE : Req_Logger STATUS : 200 OPTION :  IP: ::1, Method: POST, URL: /api/quiz/answer_check, Body: undefined}
[2023-05-26 10:15:49] WHERE : Req_Logger STATUS : 200 OPTION :  IP: ::1, Method: POST, URL: /api/quiz/answer_check, Body: undefined}
[2023-05-26 10:15:49] WHERE : Req_Logger STATUS : 200 OPTION :  IP: ::1, Method: POST, URL: /api/auth/login, Body: undefined}
[2023-05-26 10:15:49] WHERE : Req_Logger STATUS : 200 OPTION :  IP: ::1, Method: POST, URL: /api/quiz/answer_check, Body: undefined}
[2023-05-26 10:15:49] WHERE : Req_Logger STATUS : 200 OPTION :  IP: ::1, Method: POST, URL: /api/quiz/answer_check, Body: undefined}
[2023-05-26 10:15:49] WHERE : Req_Logger STATUS : 200 OPTION :  IP: ::1, Method: POST, URL: /api/quiz/answer_check, Body: undefined}
[2023-05-26 10:15:49] WHERE : Req_Logger STATUS : 200 OPTION :  IP: ::1, Method: POST, URL: /api/quiz/answer_check, Body: undefined}
[2023-05-26 10:15:49] WHERE : Req_Logger STATUS : 200 OPTION :  IP: ::1, Method: POST, URL: /api/auth/login, Body: undefined}
[2023-05-26 10:15:49] WHERE : Req_Logger STATUS : 200 OPTION :  IP: ::1, Method: POST, URL: /api/auth/login, Body: undefined}
[2023-05-26 12:18:11] WHERE : Req_Logger STATUS : 200 OPTION :  IP: ::1, Method: POST, URL: /api/auth/login, Body: undefined}
[2023-05-26 12:18:11] WHERE : Req_Logger STATUS : 200 OPTION :  IP: ::1, Method: POST, URL: /api/quiz/answer_check, Body: undefined}
[2023-05-26 12:18:11] WHERE : Req_Logger STATUS : 200 OPTION :  IP: ::1, Method: POST, URL: /api/quiz/answer_check, Body: undefined}
[2023-05-26 12:18:11] WHERE : Req_Logger STATUS : 200 OPTION :  IP: ::1, Method: POST, URL: /api/quiz/answer_check, Body: undefined}
[2023-05-26 12:18:11] WHERE : Req_Logger STATUS : 200 OPTION :  IP: ::1, Method: POST, URL: /api/quiz/answer_check, Body: undefined}
[2023-05-26 12:18:11] WHERE : Req_Logger STATUS : 200 OPTION :  IP: ::1, Method: POST, URL: /api/quiz/answer_check, Body: undefined}
[2023-05-26 12:24:00] WHERE : Req_Logger STATUS : 200 OPTION :  IP: ::1, Method: POST, URL: /api/auth/login, Body: undefined}
[2023-05-26 12:24:00] WHERE : Req_Logger STATUS : 200 OPTION :  IP: ::1, Method: POST, URL: /api/quiz/answer_check, Body: undefined}
[2023-05-26 12:24:00] WHERE : Req_Logger STATUS : 200 OPTION :  IP: ::1, Method: POST, URL: /api/quiz/answer_check, Body: undefined}
[2023-05-26 12:24:00] WHERE : Req_Logger STATUS : 200 OPTION :  IP: ::1, Method: POST, URL: /api/quiz/answer_check, Body: undefined}
[2023-05-26 12:24:00] WHERE : Req_Logger STATUS : 200 OPTION :  IP: ::1, Method: POST, URL: /api/quiz/answer_check, Body: undefined}
[2023-05-26 12:24:00] WHERE : Req_Logger STATUS : 200 OPTION :  IP: ::1, Method: POST, URL: /api/quiz/answer_check, Body: undefined}
[2023-05-26 12:24:00] WHERE : Req_Logger STATUS : 200 OPTION :  IP: ::1, Method: POST, URL: /api/quiz/answer_check, Body: undefined}
[2023-05-26 13:18:31] WHERE : Req_Logger STATUS : 200 OPTION :  IP: ::1, Method: POST, URL: /api/auth/dupcheck, Body: undefined}
[2023-05-26 13:18:31] WHERE : Req_Logger STATUS : 200 OPTION :  IP: ::1, Method: POST, URL: /api/auth/dupcheck, Body: undefined}
[2023-05-26 13:18:31] WHERE : Req_Logger STATUS : 200 OPTION :  IP: ::1, Method: POST, URL: /api/auth/sign_up, Body: undefined}
[2023-05-26 14:16:10] WHERE : Req_Logger STATUS : 200 OPTION :  IP: ::1, Method: POST, URL: /api/auth/dupcheck, Body: undefined}
[2023-05-26 14:16:10] WHERE : Req_Logger STATUS : 200 OPTION :  IP: ::1, Method: POST, URL: /api/auth/dupcheck, Body: undefined}
[2023-05-26 14:16:10] WHERE : Req_Logger STATUS : 200 OPTION :  IP: ::1, Method: POST, URL: /api/auth/sign_up, Body: undefined}
[2023-05-26 14:16:10] WHERE : Error_Handler STATUS : 200 OPTION : Cannot add or update a child row: a foreign key constraint fails (`dt`.`users`, CONSTRAINT `users_ibfk_1` FOREIGN KEY (`roles`) REFERENCES `privileges` (`roles_type`) ON DELETE CASCADE ON UPDATE CASCADE) IP: ::1, Method: POST, URL: /api/auth/sign_up, Body: {"email":"aaa11@naver.com","nickname":"aaa11","password":"aaa11!!","password_confirm":"aaa11!!"}}
[2023-05-26 14:16:10] WHERE : Req_Logger STATUS : 200 OPTION :  IP: ::1, Method: POST, URL: /api/auth/sign_up, Body: undefined}
[2023-05-26 14:16:10] WHERE : Error_Handler STATUS : 200 OPTION : Cannot add or update a child row: a foreign key constraint fails (`dt`.`users`, CONSTRAINT `users_ibfk_1` FOREIGN KEY (`roles`) REFERENCES `privileges` (`roles_type`) ON DELETE CASCADE ON UPDATE CASCADE) IP: ::1, Method: POST, URL: /api/auth/sign_up, Body: {"email":"aaa11@naver.com","nickname":"aaa11","password":"aaa11!!","password_confirm":"aaa11!!"}}
[2023-05-26 14:16:10] WHERE : Req_Logger STATUS : 200 OPTION :  IP: ::1, Method: POST, URL: /api/auth/sign_up, Body: undefined}
[2023-05-26 14:16:10] WHERE : Req_Logger STATUS : 200 OPTION :  IP: ::1, Method: POST, URL: /api/quiz/answer_check, Body: undefined}
[2023-05-26 14:16:10] WHERE : Req_Logger STATUS : 200 OPTION :  IP: ::1, Method: POST, URL: /api/quiz/answer_check, Body: undefined}
[2023-05-26 14:16:10] WHERE : Req_Logger STATUS : 200 OPTION :  IP: ::1, Method: POST, URL: /api/quiz/answer_check, Body: undefined}
[2023-05-26 14:16:10] WHERE : Req_Logger STATUS : 200 OPTION :  IP: ::1, Method: POST, URL: /api/quiz/answer_check, Body: undefined}
[2023-05-26 14:16:10] WHERE : Req_Logger STATUS : 200 OPTION :  IP: ::1, Method: POST, URL: /api/quiz/answer_check, Body: undefined}
[2023-05-26 14:16:10] WHERE : Req_Logger STATUS : 200 OPTION :  IP: ::1, Method: POST, URL: /api/quiz/answer_check, Body: undefined}
[2023-05-26 14:16:10] WHERE : Req_Logger STATUS : 200 OPTION :  IP: ::1, Method: POST, URL: /api/quiz/answer_check, Body: undefined}
[2023-05-26 14:16:10] WHERE : Req_Logger STATUS : 200 OPTION :  IP: ::1, Method: POST, URL: /api/quiz/answer_check, Body: undefined}
[2023-05-26 14:16:10] WHERE : Req_Logger STATUS : 200 OPTION :  IP: ::1, Method: POST, URL: /api/quiz/answer_check, Body: undefined}
[2023-05-26 14:16:10] WHERE : Req_Logger STATUS : 200 OPTION :  IP: ::1, Method: POST, URL: /api/quiz/answer_check, Body: undefined}
[2023-05-26 14:16:10] WHERE : Req_Logger STATUS : 200 OPTION :  IP: ::1, Method: POST, URL: /api/quiz/answer_check, Body: undefined}
[2023-05-26 14:16:10] WHERE : Req_Logger STATUS : 200 OPTION :  IP: ::1, Method: POST, URL: /api/quiz/answer_check, Body: undefined}
[2023-05-26 14:16:10] WHERE : Req_Logger STATUS : 200 OPTION :  IP: ::1, Method: POST, URL: /api/quiz/answer_check, Body: undefined}
[2023-05-26 14:16:10] WHERE : Req_Logger STATUS : 200 OPTION :  IP: ::1, Method: POST, URL: /api/quiz/answer_check, Body: undefined}
[2023-05-26 14:16:10] WHERE : Req_Logger STATUS : 200 OPTION :  IP: ::1, Method: POST, URL: /api/quiz/answer_check, Body: undefined}
[2023-05-26 14:16:10] WHERE : Req_Logger STATUS : 200 OPTION :  IP: ::1, Method: POST, URL: /api/quiz/answer_check, Body: undefined}
[2023-05-26 14:16:10] WHERE : Req_Logger STATUS : 200 OPTION :  IP: ::1, Method: POST, URL: /api/quiz/answer_check, Body: undefined}
[2023-05-26 14:16:10] WHERE : Req_Logger STATUS : 200 OPTION :  IP: ::1, Method: POST, URL: /api/quiz/answer_check, Body: undefined}
[2023-05-26 14:16:10] WHERE : Req_Logger STATUS : 200 OPTION :  IP: ::1, Method: POST, URL: /api/quiz/answer_check, Body: undefined}
[2023-05-26 14:16:10] WHERE : Req_Logger STATUS : 200 OPTION :  IP: ::1, Method: POST, URL: /api/quiz/answer_check, Body: undefined}
[2023-05-26 14:16:10] WHERE : Req_Logger STATUS : 200 OPTION :  IP: ::1, Method: POST, URL: /api/quiz/answer_check, Body: undefined}
[2023-05-26 14:16:10] WHERE : Req_Logger STATUS : 200 OPTION :  IP: ::1, Method: POST, URL: /api/quiz/answer_check, Body: undefined}
[2023-05-26 14:16:10] WHERE : Req_Logger STATUS : 200 OPTION :  IP: ::1, Method: POST, URL: /api/quiz/answer_check, Body: undefined}
[2023-05-26 14:16:10] WHERE : Req_Logger STATUS : 200 OPTION :  IP: ::1, Method: POST, URL: /api/quiz/answer_check, Body: undefined}
[2023-05-26 14:16:10] WHERE : Req_Logger STATUS : 200 OPTION :  IP: ::1, Method: POST, URL: /api/quiz/answer_check, Body: undefined}
[2023-05-26 14:16:10] WHERE : Req_Logger STATUS : 200 OPTION :  IP: ::1, Method: POST, URL: /api/quiz/answer_check, Body: undefined}
[2023-05-26 14:16:10] WHERE : Req_Logger STATUS : 200 OPTION :  IP: ::1, Method: POST, URL: /api/quiz/answer_check, Body: undefined}
[2023-05-26 14:16:10] WHERE : Req_Logger STATUS : 200 OPTION :  IP: ::1, Method: POST, URL: /api/quiz/answer_check, Body: undefined}
[2023-05-26 14:16:10] WHERE : Req_Logger STATUS : 200 OPTION :  IP: ::1, Method: POST, URL: /api/quiz/answer_check, Body: undefined}
[2023-05-26 14:16:10] WHERE : Req_Logger STATUS : 200 OPTION :  IP: ::1, Method: POST, URL: /api/quiz/answer_check, Body: undefined}
[2023-05-26 14:16:10] WHERE : Req_Logger STATUS : 200 OPTION :  IP: ::1, Method: POST, URL: /api/quiz/answer_check, Body: undefined}
[2023-05-26 14:16:10] WHERE : Req_Logger STATUS : 200 OPTION :  IP: ::1, Method: POST, URL: /api/quiz/answer_check, Body: undefined}
[2023-05-26 14:16:10] WHERE : Req_Logger STATUS : 200 OPTION :  IP: ::1, Method: POST, URL: /api/quiz/answer_check, Body: undefined}
[2023-05-26 14:16:10] WHERE : Req_Logger STATUS : 200 OPTION :  IP: ::1, Method: POST, URL: /api/quiz/answer_check, Body: undefined}
[2023-05-26 14:16:10] WHERE : Req_Logger STATUS : 200 OPTION :  IP: ::1, Method: POST, URL: /api/quiz/answer_check, Body: undefined}
[2023-05-26 14:16:10] WHERE : Req_Logger STATUS : 200 OPTION :  IP: ::1, Method: POST, URL: /api/quiz/answer_check, Body: undefined}
[2023-05-26 14:16:10] WHERE : Req_Logger STATUS : 200 OPTION :  IP: ::1, Method: POST, URL: /api/quiz/answer_check, Body: undefined}
[2023-05-26 14:16:10] WHERE : Req_Logger STATUS : 200 OPTION :  IP: ::1, Method: POST, URL: /api/quiz/answer_check, Body: undefined}
[2023-05-26 14:16:10] WHERE : Req_Logger STATUS : 200 OPTION :  IP: ::1, Method: POST, URL: /api/quiz/answer_check, Body: undefined}
[2023-05-26 14:16:10] WHERE : Req_Logger STATUS : 200 OPTION :  IP: ::1, Method: POST, URL: /api/quiz/answer_check, Body: undefined}
[2023-05-26 14:16:10] WHERE : Req_Logger STATUS : 200 OPTION :  IP: ::1, Method: POST, URL: /api/quiz/answer_check, Body: undefined}
[2023-05-26 14:16:10] WHERE : Req_Logger STATUS : 200 OPTION :  IP: ::1, Method: POST, URL: /api/quiz/answer_check, Body: undefined}
[2023-05-26 14:16:10] WHERE : Req_Logger STATUS : 200 OPTION :  IP: ::1, Method: POST, URL: /api/quiz/answer_check, Body: undefined}
[2023-05-26 14:16:10] WHERE : Req_Logger STATUS : 200 OPTION :  IP: ::1, Method: POST, URL: /api/quiz/answer_check, Body: undefined}
[2023-05-26 14:16:10] WHERE : Req_Logger STATUS : 200 OPTION :  IP: ::1, Method: POST, URL: /api/quiz/answer_check, Body: undefined}
[2023-05-26 14:16:10] WHERE : Req_Logger STATUS : 200 OPTION :  IP: ::1, Method: POST, URL: /api/quiz/answer_check, Body: undefined}
[2023-05-26 14:16:10] WHERE : Req_Logger STATUS : 200 OPTION :  IP: ::1, Method: POST, URL: /api/quiz/answer_check, Body: undefined}
[2023-05-26 14:16:10] WHERE : Req_Logger STATUS : 200 OPTION :  IP: ::1, Method: POST, URL: /api/quiz/answer_check, Body: undefined}
[2023-05-26 14:16:10] WHERE : Req_Logger STATUS : 200 OPTION :  IP: ::1, Method: POST, URL: /api/quiz/answer_check, Body: undefined}
[2023-05-26 14:16:10] WHERE : Req_Logger STATUS : 200 OPTION :  IP: ::1, Method: POST, URL: /api/quiz/answer_check, Body: undefined}
[2023-05-26 14:16:10] WHERE : Req_Logger STATUS : 200 OPTION :  IP: ::1, Method: POST, URL: /api/quiz/answer_check, Body: undefined}
[2023-05-26 14:16:10] WHERE : Req_Logger STATUS : 200 OPTION :  IP: ::1, Method: POST, URL: /api/quiz/answer_check, Body: undefined}
[2023-05-26 14:16:10] WHERE : Req_Logger STATUS : 200 OPTION :  IP: ::1, Method: POST, URL: /api/quiz/answer_check, Body: undefined}
[2023-05-26 14:16:10] WHERE : Req_Logger STATUS : 200 OPTION :  IP: ::1, Method: POST, URL: /api/quiz/answer_check, Body: undefined}
[2023-05-26 14:16:10] WHERE : Req_Logger STATUS : 200 OPTION :  IP: ::1, Method: POST, URL: /api/quiz/answer_check, Body: undefined}
[2023-05-26 14:16:10] WHERE : Req_Logger STATUS : 200 OPTION :  IP: ::1, Method: POST, URL: /api/quiz/answer_check, Body: undefined}
[2023-05-26 14:16:10] WHERE : Req_Logger STATUS : 200 OPTION :  IP: ::1, Method: POST, URL: /api/quiz/answer_check, Body: undefined}
[2023-05-26 14:16:10] WHERE : Req_Logger STATUS : 200 OPTION :  IP: ::1, Method: POST, URL: /api/quiz/answer_check, Body: undefined}
[2023-05-26 14:16:10] WHERE : Req_Logger STATUS : 200 OPTION :  IP: ::1, Method: POST, URL: /api/quiz/answer_check, Body: undefined}
[2023-05-26 14:16:10] WHERE : Req_Logger STATUS : 200 OPTION :  IP: ::1, Method: POST, URL: /api/quiz/answer_check, Body: undefined}
[2023-05-26 14:16:10] WHERE : Req_Logger STATUS : 200 OPTION :  IP: ::1, Method: POST, URL: /api/quiz/answer_check, Body: undefined}
[2023-05-26 14:16:10] WHERE : Req_Logger STATUS : 200 OPTION :  IP: ::1, Method: POST, URL: /api/quiz/answer_check, Body: undefined}
[2023-05-26 14:16:10] WHERE : Req_Logger STATUS : 200 OPTION :  IP: ::1, Method: POST, URL: /api/quiz/answer_check, Body: undefined}
[2023-05-26 14:16:10] WHERE : Req_Logger STATUS : 200 OPTION :  IP: ::1, Method: POST, URL: /api/quiz/answer_check, Body: undefined}
[2023-05-26 14:16:10] WHERE : Req_Logger STATUS : 200 OPTION :  IP: ::1, Method: POST, URL: /api/quiz/answer_check, Body: undefined}
[2023-05-26 14:16:10] WHERE : Req_Logger STATUS : 200 OPTION :  IP: ::1, Method: POST, URL: /api/quiz/answer_check, Body: undefined}
[2023-05-26 14:16:10] WHERE : Req_Logger STATUS : 200 OPTION :  IP: ::1, Method: POST, URL: /api/quiz/answer_check, Body: undefined}
[2023-05-26 14:16:10] WHERE : Req_Logger STATUS : 200 OPTION :  IP: ::1, Method: POST, URL: /api/quiz/answer_check, Body: undefined}
[2023-05-26 14:16:10] WHERE : Req_Logger STATUS : 200 OPTION :  IP: ::1, Method: POST, URL: /api/quiz/answer_check, Body: undefined}
[2023-05-26 14:16:10] WHERE : Req_Logger STATUS : 200 OPTION :  IP: ::1, Method: POST, URL: /api/quiz/answer_check, Body: undefined}
[2023-05-26 14:16:10] WHERE : Req_Logger STATUS : 200 OPTION :  IP: ::1, Method: POST, URL: /api/quiz/answer_check, Body: undefined}
[2023-05-26 14:16:10] WHERE : Req_Logger STATUS : 200 OPTION :  IP: ::1, Method: POST, URL: /api/quiz/answer_check, Body: undefined}
[2023-05-26 14:16:10] WHERE : Req_Logger STATUS : 200 OPTION :  IP: ::1, Method: POST, URL: /api/quiz/answer_check, Body: undefined}
[2023-05-26 14:16:10] WHERE : Req_Logger STATUS : 200 OPTION :  IP: ::1, Method: POST, URL: /api/quiz/answer_check, Body: undefined}
[2023-05-26 14:16:10] WHERE : Req_Logger STATUS : 200 OPTION :  IP: ::1, Method: POST, URL: /api/quiz/answer_check, Body: undefined}
[2023-05-26 14:16:10] WHERE : Req_Logger STATUS : 200 OPTION :  IP: ::1, Method: POST, URL: /api/quiz/answer_check, Body: undefined}
[2023-05-27 09:35:03] WHERE : Req_Logger STATUS : 200 OPTION :  IP: ::1, Method: POST, URL: /api/auth/login, Body: undefined}
[2023-05-27 09:35:03] WHERE : Error_Handler STATUS : 200 OPTION : 비밀번호가 일치하지 않아요. IP: ::1, Method: POST, URL: /api/auth/login, Body: {"email":"aaa11@naver.com","password":"aaa11*"}}
[2023-05-27 09:35:03] WHERE : Req_Logger STATUS : 200 OPTION :  IP: ::1, Method: POST, URL: /api/auth/login, Body: undefined}
[2023-05-27 09:35:03] WHERE : Error_Handler STATUS : 200 OPTION : 비밀번호가 일치하지 않아요. IP: ::1, Method: POST, URL: /api/auth/login, Body: {"email":"aaa11@naver.com","password":"aaa11*"}}
[2023-05-27 09:35:03] WHERE : Req_Logger STATUS : 200 OPTION :  IP: ::1, Method: POST, URL: /api/auth/login, Body: undefined}
[2023-05-27 09:35:03] WHERE : Error_Handler STATUS : 200 OPTION : 비밀번호가 일치하지 않아요. IP: ::1, Method: POST, URL: /api/auth/login, Body: {"email":"aaa11@naver.com","password":"aaa11*"}}
[2023-05-27 09:35:03] WHERE : Req_Logger STATUS : 200 OPTION :  IP: ::1, Method: POST, URL: /api/auth/dupcheck, Body: undefined}
[2023-05-27 09:35:03] WHERE : Req_Logger STATUS : 200 OPTION :  IP: ::1, Method: POST, URL: /api/auth/dupcheck, Body: undefined}
[2023-05-27 09:35:03] WHERE : Req_Logger STATUS : 200 OPTION :  IP: ::1, Method: POST, URL: /api/auth/sign_up, Body: undefined}
[2023-05-27 09:35:03] WHERE : Req_Logger STATUS : 200 OPTION :  IP: ::1, Method: POST, URL: /api/cart/post_cart_info, Body: undefined}
[2023-05-27 09:35:03] WHERE : Req_Logger STATUS : 200 OPTION :  IP: ::1, Method: POST, URL: /api/cart/post_cart_info, Body: undefined}
[2023-05-27 09:35:03] WHERE : Req_Logger STATUS : 200 OPTION :  IP: ::1, Method: POST, URL: /api/cart/post_cart_info, Body: undefined}
[2023-05-27 09:35:03] WHERE : Req_Logger STATUS : 200 OPTION :  IP: ::1, Method: POST, URL: /api/cart/get_cart_info, Body: undefined}
[2023-05-27 09:35:03] WHERE : Req_Logger STATUS : 200 OPTION :  IP: ::1, Method: POST, URL: /api/cart/get_cart_four, Body: undefined}
[2023-05-27 09:35:03] WHERE : Req_Logger STATUS : 200 OPTION :  IP: ::1, Method: POST, URL: /api/cart/get_cart_info, Body: undefined}
[2023-05-27 09:35:03] WHERE : Req_Logger STATUS : 200 OPTION :  IP: ::1, Method: POST, URL: /api/cart/get_cart_four, Body: undefined}
[2023-05-27 09:35:03] WHERE : Req_Logger STATUS : 200 OPTION :  IP: ::1, Method: POST, URL: /api/cart/get_cart_info, Body: undefined}
[2023-05-27 09:35:03] WHERE : Req_Logger STATUS : 200 OPTION :  IP: ::1, Method: POST, URL: /api/cart/get_cart_four, Body: undefined}
[2023-05-27 09:35:03] WHERE : Req_Logger STATUS : 200 OPTION :  IP: ::1, Method: POST, URL: /api/cart/get_cart_info, Body: undefined}
[2023-05-27 09:35:03] WHERE : Req_Logger STATUS : 200 OPTION :  IP: ::1, Method: POST, URL: /api/cart/get_cart_four, Body: undefined}
[2023-05-27 09:35:03] WHERE : Req_Logger STATUS : 200 OPTION :  IP: ::1, Method: POST, URL: /api/cart/get_cart_info, Body: undefined}
[2023-05-27 09:35:03] WHERE : Req_Logger STATUS : 200 OPTION :  IP: ::1, Method: POST, URL: /api/cart/get_cart_four, Body: undefined}
[2023-05-27 09:35:03] WHERE : Req_Logger STATUS : 200 OPTION :  IP: ::1, Method: POST, URL: /api/cart/get_cart_info, Body: undefined}
[2023-05-27 09:35:03] WHERE : Req_Logger STATUS : 200 OPTION :  IP: ::1, Method: POST, URL: /api/cart/get_cart_four, Body: undefined}
[2023-05-27 09:35:03] WHERE : Req_Logger STATUS : 200 OPTION :  IP: ::1, Method: POST, URL: /api/cart/post_cart_info, Body: undefined}
[2023-05-27 09:35:03] WHERE : Req_Logger STATUS : 200 OPTION :  IP: ::1, Method: POST, URL: /api/cart/get_cart_info, Body: undefined}
[2023-05-27 09:35:03] WHERE : Req_Logger STATUS : 200 OPTION :  IP: ::1, Method: POST, URL: /api/cart/get_cart_four, Body: undefined}
[2023-05-27 09:35:03] WHERE : Req_Logger STATUS : 200 OPTION :  IP: ::1, Method: POST, URL: /api/cart/post_cart_info, Body: undefined}
[2023-05-27 09:35:03] WHERE : Req_Logger STATUS : 200 OPTION :  IP: ::1, Method: POST, URL: /api/cart/get_cart_info, Body: undefined}
[2023-05-27 09:35:03] WHERE : Req_Logger STATUS : 200 OPTION :  IP: ::1, Method: POST, URL: /api/cart/get_cart_four, Body: undefined}
[2023-05-27 09:35:03] WHERE : Req_Logger STATUS : 200 OPTION :  IP: ::1, Method: POST, URL: /api/cart/post_cart_info, Body: undefined}
[2023-05-27 09:35:03] WHERE : Req_Logger STATUS : 200 OPTION :  IP: ::1, Method: POST, URL: /api/cart/get_cart_info, Body: undefined}
[2023-05-27 09:35:03] WHERE : Req_Logger STATUS : 200 OPTION :  IP: ::1, Method: POST, URL: /api/cart/get_cart_four, Body: undefined}
[2023-05-27 09:35:03] WHERE : Req_Logger STATUS : 200 OPTION :  IP: ::1, Method: POST, URL: /api/cart/get_cart_info, Body: undefined}
[2023-05-27 09:35:03] WHERE : Req_Logger STATUS : 200 OPTION :  IP: ::1, Method: POST, URL: /api/cart/get_cart_four, Body: undefined}
[2023-05-27 09:35:03] WHERE : Req_Logger STATUS : 200 OPTION :  IP: ::1, Method: POST, URL: /api/cart/get_cart_info, Body: undefined}
[2023-05-27 09:35:03] WHERE : Req_Logger STATUS : 200 OPTION :  IP: ::1, Method: POST, URL: /api/cart/get_cart_four, Body: undefined}
[2023-05-27 09:35:03] WHERE : Req_Logger STATUS : 200 OPTION :  IP: ::1, Method: POST, URL: /api/cart/get_cart_info, Body: undefined}
[2023-05-27 09:35:03] WHERE : Req_Logger STATUS : 200 OPTION :  IP: ::1, Method: POST, URL: /api/cart/get_cart_four, Body: undefined}
[2023-05-27 09:35:03] WHERE : Req_Logger STATUS : 200 OPTION :  IP: ::1, Method: POST, URL: /api/cart/get_cart_info, Body: undefined}
[2023-05-27 09:35:03] WHERE : Req_Logger STATUS : 200 OPTION :  IP: ::1, Method: POST, URL: /api/cart/get_cart_four, Body: undefined}
[2023-05-27 09:35:03] WHERE : Req_Logger STATUS : 200 OPTION :  IP: ::1, Method: POST, URL: /api/cart/get_cart_info, Body: undefined}
[2023-05-27 09:35:03] WHERE : Req_Logger STATUS : 200 OPTION :  IP: ::1, Method: POST, URL: /api/cart/get_cart_four, Body: undefined}
[2023-05-27 09:35:03] WHERE : Req_Logger STATUS : 200 OPTION :  IP: ::1, Method: POST, URL: /api/cart/get_cart_info, Body: undefined}
[2023-05-27 09:35:03] WHERE : Req_Logger STATUS : 200 OPTION :  IP: ::1, Method: POST, URL: /api/cart/get_cart_four, Body: undefined}
[2023-05-27 09:35:03] WHERE : Req_Logger STATUS : 200 OPTION :  IP: ::1, Method: POST, URL: /api/cart/get_cart_info, Body: undefined}
[2023-05-27 09:35:03] WHERE : Req_Logger STATUS : 200 OPTION :  IP: ::1, Method: POST, URL: /api/cart/get_cart_four, Body: undefined}
[2023-05-27 09:35:03] WHERE : Req_Logger STATUS : 200 OPTION :  IP: ::1, Method: POST, URL: /api/cart/get_cart_info, Body: undefined}
[2023-05-27 09:35:03] WHERE : Req_Logger STATUS : 200 OPTION :  IP: ::1, Method: POST, URL: /api/cart/get_cart_four, Body: undefined}
[2023-05-27 09:35:03] WHERE : Req_Logger STATUS : 200 OPTION :  IP: ::1, Method: POST, URL: /api/cart/get_cart_info, Body: undefined}
[2023-05-27 09:35:03] WHERE : Req_Logger STATUS : 200 OPTION :  IP: ::1, Method: POST, URL: /api/cart/get_cart_four, Body: undefined}
[2023-05-27 09:35:03] WHERE : Req_Logger STATUS : 200 OPTION :  IP: ::1, Method: POST, URL: /api/cart/get_cart_info, Body: undefined}
[2023-05-27 09:35:03] WHERE : Req_Logger STATUS : 200 OPTION :  IP: ::1, Method: POST, URL: /api/cart/get_cart_four, Body: undefined}
[2023-05-27 09:35:03] WHERE : Req_Logger STATUS : 200 OPTION :  IP: ::1, Method: POST, URL: /api/cart/get_cart_info, Body: undefined}
[2023-05-27 09:35:03] WHERE : Req_Logger STATUS : 200 OPTION :  IP: ::1, Method: POST, URL: /api/cart/get_cart_four, Body: undefined}
[2023-05-27 09:35:03] WHERE : Req_Logger STATUS : 200 OPTION :  IP: ::1, Method: POST, URL: /api/cart/get_cart_info, Body: undefined}
[2023-05-27 09:35:03] WHERE : Req_Logger STATUS : 200 OPTION :  IP: ::1, Method: POST, URL: /api/cart/get_cart_four, Body: undefined}
[2023-05-27 09:35:03] WHERE : Req_Logger STATUS : 200 OPTION :  IP: ::1, Method: POST, URL: /api/cart/get_cart_info, Body: undefined}
[2023-05-27 09:35:03] WHERE : Req_Logger STATUS : 200 OPTION :  IP: ::1, Method: POST, URL: /api/cart/get_cart_four, Body: undefined}
[2023-05-27 09:35:03] WHERE : Req_Logger STATUS : 200 OPTION :  IP: ::1, Method: POST, URL: /api/cart/get_cart_info, Body: undefined}
[2023-05-27 09:35:03] WHERE : Req_Logger STATUS : 200 OPTION :  IP: ::1, Method: POST, URL: /api/cart/get_cart_four, Body: undefined}
[2023-05-27 09:35:03] WHERE : Req_Logger STATUS : 200 OPTION :  IP: ::1, Method: POST, URL: /api/cart/get_cart_info, Body: undefined}
[2023-05-27 11:07:01] WHERE : Req_Logger STATUS : 200 OPTION :  IP: ::1, Method: POST, URL: /api/auth/login, Body: undefined}
[2023-05-27 11:07:01] WHERE : Req_Logger STATUS : 200 OPTION :  IP: ::1, Method: POST, URL: /api/cart/get_cart_info, Body: undefined}
[2023-05-27 11:07:01] WHERE : Req_Logger STATUS : 200 OPTION :  IP: ::1, Method: POST, URL: /api/cart/get_cart_four, Body: undefined}
[2023-05-27 11:07:01] WHERE : Req_Logger STATUS : 200 OPTION :  IP: ::1, Method: POST, URL: /api/cart/get_cart_info, Body: undefined}
[2023-05-27 11:07:01] WHERE : Req_Logger STATUS : 200 OPTION :  IP: ::1, Method: POST, URL: /api/cart/get_cart_four, Body: undefined}
[2023-05-27 11:07:01] WHERE : Req_Logger STATUS : 200 OPTION :  IP: ::1, Method: POST, URL: /api/cart/post_cart_info, Body: undefined}
[2023-05-27 11:07:01] WHERE : Error_Handler STATUS : 201 OPTION : Cannot set headers after they are sent to the client IP: ::1, Method: POST, URL: /api/cart/post_cart_info, Body: {"userId":"374d670b-b19a-46cd-bbc4-3c57871185a0","productId":"5c88da2a-a2cc-4b14-8786-8b95eb73e610"}}
[2023-05-27 11:07:01] WHERE : Req_Logger STATUS : 200 OPTION :  IP: ::1, Method: POST, URL: /api/cart/get_cart_info, Body: undefined}
[2023-05-27 11:07:01] WHERE : Req_Logger STATUS : 200 OPTION :  IP: ::1, Method: POST, URL: /api/cart/get_cart_four, Body: undefined}
[2023-05-27 11:07:01] WHERE : Req_Logger STATUS : 200 OPTION :  IP: ::1, Method: POST, URL: /api/cart/get_cart_info, Body: undefined}
[2023-05-27 11:07:01] WHERE : Req_Logger STATUS : 200 OPTION :  IP: ::1, Method: POST, URL: /api/cart/get_cart_four, Body: undefined}
[2023-05-27 11:07:01] WHERE : Req_Logger STATUS : 200 OPTION :  IP: ::1, Method: POST, URL: /api/cart/post_cart_info, Body: undefined}
